# JRE version: Java(TM) SE Runtime Environment (8.0_45-b14) (build 1.8.0_45-b14)
# Java VM: Java HotSpot(TM) 64-Bit Server VM (25.45-b02 mixed mode windows-amd64 compressed oops)
Heap:
 PSYoungGen      total 324096K, used 35707K [0x00000000eab00000, 0x00000000ffa80000, 0x0000000100000000)
  eden space 306176K, 8% used [0x00000000eab00000,0x00000000ec3021f8,0x00000000fd600000)
  from space 17920K, 62% used [0x00000000fe800000,0x00000000ff2dcce0,0x00000000ff980000)
  to   space 18432K, 0% used [0x00000000fd600000,0x00000000fd600000,0x00000000fe800000)
 ParOldGen       total 133632K, used 42820K [0x00000000c0000000, 0x00000000c8280000, 0x00000000eab00000)
  object space 133632K, 32% used [0x00000000c0000000,0x00000000c29d1148,0x00000000c8280000)
 Metaspace       used 72341K, capacity 78774K, committed 79360K, reserved 1118208K
  class space    used 9082K, capacity 9859K, committed 9984K, reserved 1048576K
GC Heap History (10 events):
Event: 16764.778 GC heap before
{Heap before GC invocations=90 (full 29):
 PSYoungGen      total 313344K, used 7844K [0x00000000eab00000, 0x00000000ff800000, 0x0000000100000000)
  eden space 305152K, 0% used [0x00000000eab00000,0x00000000eab00000,0x00000000fd500000)
  from space 8192K, 95% used [0x00000000fd500000,0x00000000fdca9180,0x00000000fdd00000)
  to   space 17920K, 0% used [0x00000000fe680000,0x00000000fe680000,0x00000000ff800000)
 ParOldGen       total 133632K, used 42610K [0x00000000c0000000, 0x00000000c8280000, 0x00000000eab00000)
  object space 133632K, 31% used [0x00000000c0000000,0x00000000c299caa8,0x00000000c8280000)
 Metaspace       used 72157K, capacity 78442K, committed 78720K, reserved 1118208K
  class space    used 9052K, capacity 9836K, committed 9856K, reserved 1048576K
Event: 16764.899 GC heap after
Heap after GC invocations=90 (full 29):
 PSYoungGen      total 313344K, used 0K [0x00000000eab00000, 0x00000000ff800000, 0x0000000100000000)
  eden space 305152K, 0% used [0x00000000eab00000,0x00000000eab00000,0x00000000fd500000)
  from space 8192K, 0% used [0x00000000fd500000,0x00000000fd500000,0x00000000fdd00000)
  to   space 17920K, 0% used [0x00000000fe680000,0x00000000fe680000,0x00000000ff800000)
 ParOldGen       total 133632K, used 42127K [0x00000000c0000000, 0x00000000c8280000, 0x00000000eab00000)
  object space 133632K, 31% used [0x00000000c0000000,0x00000000c2923ed0,0x00000000c8280000)
 Metaspace       used 72131K, capacity 78354K, committed 78720K, reserved 1118208K
  class space    used 9044K, capacity 9828K, committed 9856K, reserved 1048576K
}
Event: 16860.879 GC heap before
{Heap before GC invocations=91 (full 29):
 PSYoungGen      total 313344K, used 305152K [0x00000000eab00000, 0x00000000ff800000, 0x0000000100000000)
  eden space 305152K, 100% used [0x00000000eab00000,0x00000000fd500000,0x00000000fd500000)
  from space 8192K, 0% used [0x00000000fd500000,0x00000000fd500000,0x00000000fdd00000)
  to   space 17920K, 0% used [0x00000000fe680000,0x00000000fe680000,0x00000000ff800000)
 ParOldGen       total 133632K, used 42127K [0x00000000c0000000, 0x00000000c8280000, 0x00000000eab00000)
  object space 133632K, 31% used [0x00000000c0000000,0x00000000c2923ed0,0x00000000c8280000)
 Metaspace       used 72334K, capacity 78882K, committed 79104K, reserved 1118208K
  class space    used 9092K, capacity 9876K, committed 9984K, reserved 1048576K
Event: 16860.891 GC heap after
Heap after GC invocations=91 (full 29):
 PSYoungGen      total 323072K, used 3040K [0x00000000eab00000, 0x00000000ff980000, 0x0000000100000000)
  eden space 305152K, 0% used [0x00000000eab00000,0x00000000eab00000,0x00000000fd500000)
  from space 17920K, 16% used [0x00000000fe680000,0x00000000fe978020,0x00000000ff800000)
  to   space 17920K, 0% used [0x00000000fd500000,0x00000000fd500000,0x00000000fe680000)
 ParOldGen       total 133632K, used 42127K [0x00000000c0000000, 0x00000000c8280000, 0x00000000eab00000)
  object space 133632K, 31% used [0x00000000c0000000,0x00000000c2923ed0,0x00000000c8280000)
 Metaspace       used 72334K, capacity 78882K, committed 79104K, reserved 1118208K
  class space    used 9092K, capacity 9876K, committed 9984K, reserved 1048576K
}
Event: 16907.347 GC heap before
{Heap before GC invocations=92 (full 29):
 PSYoungGen      total 323072K, used 275586K [0x00000000eab00000, 0x00000000ff980000, 0x0000000100000000)
  eden space 305152K, 89% used [0x00000000eab00000,0x00000000fb528a10,0x00000000fd500000)
  from space 17920K, 16% used [0x00000000fe680000,0x00000000fe978020,0x00000000ff800000)
  to   space 17920K, 0% used [0x00000000fd500000,0x00000000fd500000,0x00000000fe680000)
 ParOldGen       total 133632K, used 42127K [0x00000000c0000000, 0x00000000c8280000, 0x00000000eab00000)
  object space 133632K, 31% used [0x00000000c0000000,0x00000000c2923ed0,0x00000000c8280000)
 Metaspace       used 72427K, capacity 79058K, committed 79360K, reserved 1118208K
  class space    used 9108K, capacity 9892K, committed 9984K, reserved 1048576K
Event: 16907.352 GC heap after
Heap after GC invocations=92 (full 29):
 PSYoungGen      total 323072K, used 3536K [0x00000000eab00000, 0x00000000ff980000, 0x0000000100000000)
  eden space 305152K, 0% used [0x00000000eab00000,0x00000000eab00000,0x00000000fd500000)
  from space 17920K, 19% used [0x00000000fd500000,0x00000000fd874138,0x00000000fe680000)
  to   space 17920K, 0% used [0x00000000fe800000,0x00000000fe800000,0x00000000ff980000)
 ParOldGen       total 133632K, used 42135K [0x00000000c0000000, 0x00000000c8280000, 0x00000000eab00000)
  object space 133632K, 31% used [0x00000000c0000000,0x00000000c2925ed0,0x00000000c8280000)
 Metaspace       used 72427K, capacity 79058K, committed 79360K, reserved 1118208K
  class space    used 9108K, capacity 9892K, committed 9984K, reserved 1048576K
}
Event: 16907.352 GC heap before
{Heap before GC invocations=93 (full 30):
 PSYoungGen      total 323072K, used 3536K [0x00000000eab00000, 0x00000000ff980000, 0x0000000100000000)
  eden space 305152K, 0% used [0x00000000eab00000,0x00000000eab00000,0x00000000fd500000)
  from space 17920K, 19% used [0x00000000fd500000,0x00000000fd874138,0x00000000fe680000)
  to   space 17920K, 0% used [0x00000000fe800000,0x00000000fe800000,0x00000000ff980000)
 ParOldGen       total 133632K, used 42135K [0x00000000c0000000, 0x00000000c8280000, 0x00000000eab00000)
  object space 133632K, 31% used [0x00000000c0000000,0x00000000c2925ed0,0x00000000c8280000)
 Metaspace       used 72427K, capacity 79058K, committed 79360K, reserved 1118208K
  class space    used 9108K, capacity 9892K, committed 9984K, reserved 1048576K
Event: 16907.463 GC heap after
Heap after GC invocations=93 (full 30):
 PSYoungGen      total 323072K, used 0K [0x00000000eab00000, 0x00000000ff980000, 0x0000000100000000)
  eden space 305152K, 0% used [0x00000000eab00000,0x00000000eab00000,0x00000000fd500000)
  from space 17920K, 0% used [0x00000000fd500000,0x00000000fd500000,0x00000000fe680000)
  to   space 17920K, 0% used [0x00000000fe800000,0x00000000fe800000,0x00000000ff980000)
 ParOldGen       total 133632K, used 42820K [0x00000000c0000000, 0x00000000c8280000, 0x00000000eab00000)
  object space 133632K, 32% used [0x00000000c0000000,0x00000000c29d1148,0x00000000c8280000)
 Metaspace       used 72252K, capacity 78592K, committed 79360K, reserved 1118208K
  class space    used 9065K, capacity 9841K, committed 9984K, reserved 1048576K
}
Event: 16968.803 GC heap before
{Heap before GC invocations=94 (full 30):
 PSYoungGen      total 323072K, used 305152K [0x00000000eab00000, 0x00000000ff980000, 0x0000000100000000)
  eden space 305152K, 100% used [0x00000000eab00000,0x00000000fd500000,0x00000000fd500000)
  from space 17920K, 0% used [0x00000000fd500000,0x00000000fd500000,0x00000000fe680000)
  to   space 17920K, 0% used [0x00000000fe800000,0x00000000fe800000,0x00000000ff980000)
 ParOldGen       total 133632K, used 42820K [0x00000000c0000000, 0x00000000c8280000, 0x00000000eab00000)
  object space 133632K, 32% used [0x00000000c0000000,0x00000000c29d1148,0x00000000c8280000)
 Metaspace       used 72338K, capacity 78774K, committed 79360K, reserved 1118208K
  class space    used 9082K, capacity 9859K, committed 9984K, reserved 1048576K
Event: 16968.818 GC heap after
Heap after GC invocations=94 (full 30):
 PSYoungGen      total 324096K, used 11123K [0x00000000eab00000, 0x00000000ffa80000, 0x0000000100000000)
  eden space 306176K, 0% used [0x00000000eab00000,0x00000000eab00000,0x00000000fd600000)
  from space 17920K, 62% used [0x00000000fe800000,0x00000000ff2dcce0,0x00000000ff980000)
  to   space 18432K, 0% used [0x00000000fd600000,0x00000000fd600000,0x00000000fe800000)
 ParOldGen       total 133632K, used 42820K [0x00000000c0000000, 0x00000000c8280000, 0x00000000eab00000)
  object space 133632K, 32% used [0x00000000c0000000,0x00000000c29d1148,0x00000000c8280000)
 Metaspace       used 72338K, capacity 78774K, committed 79360K, reserved 1118208K
  class space    used 9082K, capacity 9859K, committed 9984K, reserved 1048576K
}

